Oct-03 18:11:50.267 [main] DEBUG nextflow.cli.Launcher - $> nextflow kuberun Nine-s/download_sra/download_data.nf -r master -c nextflow.config -v nextflow-ninon
Oct-03 18:11:50.448 [main] DEBUG nextflow.plugin.PluginsFacade - Setting up plugin manager > mode=prod; embedded=false; plugins-dir=/home/ninon/.nextflow/plugins; core-plugins: nf-amazon@2.7.0,nf-azure@1.8.1,nf-cloudcache@0.4.2,nf-codecommit@0.2.2,nf-console@1.1.4,nf-google@1.14.0,nf-tower@1.9.2,nf-wave@1.5.0
Oct-03 18:11:50.490 [main] INFO  o.pf4j.DefaultPluginStatusProvider - Enabled plugins: []
Oct-03 18:11:50.491 [main] INFO  o.pf4j.DefaultPluginStatusProvider - Disabled plugins: []
Oct-03 18:11:50.497 [main] INFO  org.pf4j.DefaultPluginManager - PF4J version 3.12.0 in 'deployment' mode
Oct-03 18:11:50.514 [main] INFO  org.pf4j.AbstractPluginManager - No plugins
Oct-03 18:11:50.532 [main] DEBUG nextflow.scm.ProviderConfig - Using SCM config path: /home/ninon/.nextflow/scm
Oct-03 18:11:50.571 [main] DEBUG nextflow.scm.RepositoryFactory - Found Git repository result: [RepositoryFactory]
Oct-03 18:11:50.586 [main] DEBUG nextflow.scm.RepositoryProvider - Request [credentials -:-] -> https://api.github.com/repos/Nine-s/download_sra/contents/nextflow.config
Oct-03 18:11:51.442 [main] DEBUG nextflow.config.ConfigBuilder - Found config local: /home/ninon/compression_project/daw_data/nextflow.config
Oct-03 18:11:51.450 [main] DEBUG nextflow.config.ConfigBuilder - User config file: https://github.com/Nine-s/download_sra/nextflow.config
Oct-03 18:11:51.451 [main] DEBUG nextflow.config.ConfigBuilder - User config file: /home/ninon/compression_project/daw_data/nextflow.config
Oct-03 18:11:51.454 [main] DEBUG nextflow.config.ConfigBuilder - Parsing config file: /home/ninon/compression_project/daw_data/nextflow.config
Oct-03 18:11:51.456 [main] DEBUG nextflow.config.ConfigBuilder - Parsing config file: https://github.com/Nine-s/download_sra/nextflow.config
Oct-03 18:11:51.456 [main] DEBUG nextflow.config.ConfigBuilder - Parsing config file: /home/ninon/compression_project/daw_data/nextflow.config
Oct-03 18:11:51.485 [main] DEBUG n.secret.LocalSecretsProvider - Secrets store: /home/ninon/.nextflow/secrets/store.json
Oct-03 18:11:51.488 [main] DEBUG nextflow.secret.SecretsLoader - Discovered secrets providers: [nextflow.secret.LocalSecretsProvider@8bffb8b] - activable => nextflow.secret.LocalSecretsProvider@8bffb8b
Oct-03 18:11:51.495 [main] DEBUG nextflow.config.ConfigBuilder - Applying config profile: `standard`
Oct-03 18:11:52.069 [main] DEBUG nextflow.config.ConfigBuilder - Applying config profile: `standard`
Oct-03 18:11:52.085 [main] DEBUG nextflow.config.ConfigBuilder - Applying config profile: `standard`
Oct-03 18:11:52.214 [main] DEBUG nextflow.k8s.K8sConfig - Kubernetes workDir=/workspace/ninon/work; projectDir=/workspace/projects; volumeClaims=[nextflow-ninon]
Oct-03 18:11:52.479 [main] DEBUG nextflow.scm.ProviderConfig - Using SCM config path: /home/ninon/.nextflow/scm
Oct-03 18:11:52.738 [main] DEBUG nextflow.k8s.K8sDriverLauncher - Created K8s configMap with name: nf-config-d2f235cd
Oct-03 18:11:52.821 [main] INFO  nextflow.k8s.K8sDriverLauncher - Launcher pod spec file: .nextflow.pod.yaml
Oct-03 18:12:14.373 [main] DEBUG nextflow.k8s.K8sDriverLauncher - Wait for pod termination name=fabulous-aryabhata
